<?xml version="1.0" encoding="UTF-8"?>
<!-- Generated by org.testng.reporters.JUnitReportReporter -->
<testsuite hostname="DESKTOP-BKS66NO" failures="0" tests="2" name="GPPTest.TestClass2" time="0.016" errors="0" timestamp="2022-10-07T17:47:25 IST" skipped="0">
  <testcase classname="GPPTest.TestClass2" name="test3" time="0.004"/>
  <system-out/>
  <testcase classname="GPPTest.TestClass2" name="test1" time="0.012"/>
  <system-out/>
</testsuite> <!-- GPPTest.TestClass2 -->
