<?xml version="1.0" encoding="UTF-8"?>
<!-- Generated by org.testng.reporters.JUnitReportReporter -->
<testsuite hostname="DESKTOP-BKS66NO" failures="0" tests="2" name="GPPTest.TestClass" time="0.005" errors="0" timestamp="2022-10-07T17:47:25 IST" skipped="0">
  <testcase classname="GPPTest.TestClass" name="testA" time="0.002"/>
  <system-out/>
  <testcase classname="GPPTest.TestClass" name="testB" time="0.003"/>
  <system-out/>
</testsuite> <!-- GPPTest.TestClass -->
